This file contains any messages produced by compilers while
running configure, to aid debugging if configure makes a mistake.

It was created by libmbim configure 1.6.0, which was
generated by GNU Autoconf 2.69.  Invocation command line was

  $ ./configure --enable-maintainer-mode

## --------- ##
## Platform. ##
## --------- ##

hostname = sukru-VPCSA3Z9E
uname -m = x86_64
uname -r = 3.11.0-15-generic
uname -s = Linux
uname -v = #23-Ubuntu SMP Mon Dec 9 18:17:04 UTC 2013

/usr/bin/uname -p = unknown
/bin/uname -X     = unknown

/bin/arch              = unknown
/usr/bin/arch -k       = unknown
/usr/convex/getsysinfo = unknown
/usr/bin/hostinfo      = unknown
/bin/machine           = unknown
/usr/bin/oslevel       = unknown
/bin/universe          = unknown

PATH: /usr/lib/lightdm/lightdm
PATH: /usr/local/sbin
PATH: /usr/local/bin
PATH: /usr/sbin
PATH: /usr/bin
PATH: /sbin
PATH: /bin
PATH: /usr/games
PATH: /usr/local/games


## ----------- ##
## Core tests. ##
## ----------- ##

configure:2241: checking for a BSD-compatible install
configure:2309: result: /usr/bin/install -c
configure:2320: checking whether build environment is sane
configure:2375: result: yes
configure:2526: checking for a thread-safe mkdir -p
configure:2565: result: /bin/mkdir -p
configure:2572: checking for gawk
configure:2588: found /usr/bin/gawk
configure:2599: result: gawk
configure:2610: checking whether make sets $(MAKE)
configure:2632: result: yes
configure:2661: checking whether make supports nested variables
configure:2678: result: yes
configure:2758: checking whether UID '1000' is supported by ustar format
configure:2761: result: yes
configure:2768: checking whether GID '1000' is supported by ustar format
configure:2771: result: yes
configure:2779: checking how to create a ustar tar archive
configure:2790: tar --version
tar (GNU tar) 1.26
Copyright (C) 2011 Free Software Foundation, Inc.
License GPLv3+: GNU GPL version 3 or later <http://gnu.org/licenses/gpl.html>.
This is free software: you are free to change and redistribute it.
There is NO WARRANTY, to the extent permitted by law.

Written by John Gilmore and Jay Fenlason.
configure:2793: $? = 0
configure:2833: tardir=conftest.dir && eval tar --format=ustar -chf - "$tardir" >conftest.tar
configure:2836: $? = 0
configure:2840: tar -xf - <conftest.tar
configure:2843: $? = 0
configure:2845: cat conftest.dir/file
GrepMe
configure:2848: $? = 0
configure:2861: result: gnutar
configure:2870: checking whether to enable maintainer-specific portions of Makefiles
configure:2879: result: yes
configure:2904: checking whether make supports nested variables
configure:2921: result: yes
configure:2981: checking for gcc
configure:2997: found /usr/bin/gcc
configure:3008: result: gcc
configure:3237: checking for C compiler version
configure:3246: gcc --version >&5
gcc (Ubuntu/Linaro 4.8.1-10ubuntu9) 4.8.1
Copyright (C) 2013 Free Software Foundation, Inc.
This is free software; see the source for copying conditions.  There is NO
warranty; not even for MERCHANTABILITY or FITNESS FOR A PARTICULAR PURPOSE.

configure:3257: $? = 0
configure:3246: gcc -v >&5
Using built-in specs.
COLLECT_GCC=gcc
COLLECT_LTO_WRAPPER=/usr/lib/gcc/x86_64-linux-gnu/4.8/lto-wrapper
Target: x86_64-linux-gnu
Configured with: ../src/configure -v --with-pkgversion='Ubuntu/Linaro 4.8.1-10ubuntu9' --with-bugurl=file:///usr/share/doc/gcc-4.8/README.Bugs --enable-languages=c,c++,java,go,d,fortran,objc,obj-c++ --prefix=/usr --program-suffix=-4.8 --enable-shared --enable-linker-build-id --libexecdir=/usr/lib --without-included-gettext --enable-threads=posix --with-gxx-include-dir=/usr/include/c++/4.8 --libdir=/usr/lib --enable-nls --with-sysroot=/ --enable-clocale=gnu --enable-libstdcxx-debug --enable-libstdcxx-time=yes --enable-gnu-unique-object --enable-plugin --with-system-zlib --disable-browser-plugin --enable-java-awt=gtk --enable-gtk-cairo --with-java-home=/usr/lib/jvm/java-1.5.0-gcj-4.8-amd64/jre --enable-java-home --with-jvm-root-dir=/usr/lib/jvm/java-1.5.0-gcj-4.8-amd64 --with-jvm-jar-dir=/usr/lib/jvm-exports/java-1.5.0-gcj-4.8-amd64 --with-arch-directory=amd64 --with-ecj-jar=/usr/share/java/eclipse-ecj.jar --enable-objc-gc --enable-multiarch --disable-werror --with-arch-32=i686 --with-abi=m64 --with-multilib-list=m32,m64,mx32 --with-tune=generic --enable-checking=release --build=x86_64-linux-gnu --host=x86_64-linux-gnu --target=x86_64-linux-gnu
Thread model: posix
gcc version 4.8.1 (Ubuntu/Linaro 4.8.1-10ubuntu9) 
configure:3257: $? = 0
configure:3246: gcc -V >&5
gcc: error: unrecognized command line option '-V'
gcc: fatal error: no input files
compilation terminated.
configure:3257: $? = 4
configure:3246: gcc -qversion >&5
gcc: error: unrecognized command line option '-qversion'
gcc: fatal error: no input files
compilation terminated.
configure:3257: $? = 4
configure:3277: checking whether the C compiler works
configure:3299: gcc    conftest.c  >&5
configure:3303: $? = 0
configure:3351: result: yes
configure:3354: checking for C compiler default output file name
configure:3356: result: a.out
configure:3362: checking for suffix of executables
configure:3369: gcc -o conftest    conftest.c  >&5
configure:3373: $? = 0
configure:3395: result: 
configure:3417: checking whether we are cross compiling
configure:3425: gcc -o conftest    conftest.c  >&5
configure:3429: $? = 0
configure:3436: ./conftest
configure:3440: $? = 0
configure:3455: result: no
configure:3460: checking for suffix of object files
configure:3482: gcc -c   conftest.c >&5
configure:3486: $? = 0
configure:3507: result: o
configure:3511: checking whether we are using the GNU C compiler
configure:3530: gcc -c   conftest.c >&5
configure:3530: $? = 0
configure:3539: result: yes
configure:3548: checking whether gcc accepts -g
configure:3568: gcc -c -g  conftest.c >&5
configure:3568: $? = 0
configure:3609: result: yes
configure:3626: checking for gcc option to accept ISO C89
configure:3689: gcc  -c -g -O2  conftest.c >&5
configure:3689: $? = 0
configure:3702: result: none needed
configure:3733: checking for style of include used by make
configure:3761: result: GNU
configure:3787: checking dependency style of gcc
configure:3898: result: gcc3
configure:3914: checking whether gcc and cc understand -c and -o together
configure:3945: gcc -c conftest.c -o conftest2.o >&5
configure:3949: $? = 0
configure:3955: gcc -c conftest.c -o conftest2.o >&5
configure:3959: $? = 0
configure:3970: cc -c conftest.c >&5
configure:3974: $? = 0
configure:3982: cc -c conftest.c -o conftest2.o >&5
configure:3986: $? = 0
configure:3992: cc -c conftest.c -o conftest2.o >&5
configure:3996: $? = 0
configure:4014: result: yes
configure:4071: checking build system type
configure:4085: result: x86_64-unknown-linux-gnu
configure:4105: checking host system type
configure:4118: result: x86_64-unknown-linux-gnu
configure:4159: checking how to print strings
configure:4186: result: printf
configure:4207: checking for a sed that does not truncate output
configure:4271: result: /bin/sed
configure:4289: checking for grep that handles long lines and -e
configure:4347: result: /bin/grep
configure:4352: checking for egrep
configure:4414: result: /bin/grep -E
configure:4419: checking for fgrep
configure:4481: result: /bin/grep -F
configure:4516: checking for ld used by gcc
configure:4583: result: /usr/bin/ld
configure:4590: checking if the linker (/usr/bin/ld) is GNU ld
configure:4605: result: yes
configure:4617: checking for BSD- or MS-compatible name lister (nm)
configure:4666: result: /usr/bin/nm -B
configure:4796: checking the name lister (/usr/bin/nm -B) interface
configure:4803: gcc -c -g -O2  conftest.c >&5
configure:4806: /usr/bin/nm -B "conftest.o"
configure:4809: output
0000000000000000 B some_variable
configure:4816: result: BSD nm
configure:4819: checking whether ln -s works
configure:4823: result: yes
configure:4831: checking the maximum length of command line arguments
configure:4962: result: 1572864
configure:4979: checking whether the shell understands some XSI constructs
configure:4989: result: yes
configure:4993: checking whether the shell understands "+="
configure:4999: result: yes
configure:5034: checking how to convert x86_64-unknown-linux-gnu file names to x86_64-unknown-linux-gnu format
configure:5074: result: func_convert_file_noop
configure:5081: checking how to convert x86_64-unknown-linux-gnu file names to toolchain format
configure:5101: result: func_convert_file_noop
configure:5108: checking for /usr/bin/ld option to reload object files
configure:5115: result: -r
configure:5189: checking for objdump
configure:5205: found /usr/bin/objdump
configure:5216: result: objdump
configure:5248: checking how to recognize dependent libraries
configure:5446: result: pass_all
configure:5531: checking for dlltool
configure:5561: result: no
configure:5591: checking how to associate runtime and link libraries
configure:5618: result: printf %s\n
configure:5679: checking for ar
configure:5695: found /usr/bin/ar
configure:5706: result: ar
configure:5743: checking for archiver @FILE support
configure:5760: gcc -c -g -O2  conftest.c >&5
configure:5760: $? = 0
configure:5763: ar cru libconftest.a @conftest.lst >&5
configure:5766: $? = 0
configure:5771: ar cru libconftest.a @conftest.lst >&5
ar: conftest.o: No such file or directory
configure:5774: $? = 1
configure:5786: result: @
configure:5844: checking for strip
configure:5860: found /usr/bin/strip
configure:5871: result: strip
configure:5943: checking for ranlib
configure:5959: found /usr/bin/ranlib
configure:5970: result: ranlib
configure:6072: checking command to parse /usr/bin/nm -B output from gcc object
configure:6192: gcc -c -g -O2  conftest.c >&5
configure:6195: $? = 0
configure:6199: /usr/bin/nm -B conftest.o \| sed -n -e 's/^.*[ ]\([ABCDGIRSTW][ABCDGIRSTW]*\)[ ][ ]*\([_A-Za-z][_A-Za-z0-9]*\)$/\1 \2 \2/p' | sed '/ __gnu_lto/d' \> conftest.nm
configure:6202: $? = 0
configure:6268: gcc -o conftest -g -O2   conftest.c conftstm.o >&5
configure:6271: $? = 0
configure:6309: result: ok
configure:6346: checking for sysroot
configure:6376: result: no
configure:6453: gcc -c -g -O2  conftest.c >&5
configure:6456: $? = 0
configure:6639: checking for mt
configure:6655: found /bin/mt
configure:6666: result: mt
configure:6689: checking if mt is a manifest tool
configure:6695: mt '-?'
configure:6703: result: no
configure:7345: checking how to run the C preprocessor
configure:7376: gcc -E  conftest.c
configure:7376: $? = 0
configure:7390: gcc -E  conftest.c
conftest.c:9:28: fatal error: ac_nonexistent.h: No such file or directory
 #include <ac_nonexistent.h>
                            ^
compilation terminated.
configure:7390: $? = 1
configure: failed program was:
| /* confdefs.h */
| #define PACKAGE_NAME "libmbim"
| #define PACKAGE_TARNAME "libmbim"
| #define PACKAGE_VERSION "1.6.0"
| #define PACKAGE_STRING "libmbim 1.6.0"
| #define PACKAGE_BUGREPORT "libmbim-devel@lists.freedesktop.org"
| #define PACKAGE_URL ""
| /* end confdefs.h.  */
| #include <ac_nonexistent.h>
configure:7415: result: gcc -E
configure:7435: gcc -E  conftest.c
configure:7435: $? = 0
configure:7449: gcc -E  conftest.c
conftest.c:9:28: fatal error: ac_nonexistent.h: No such file or directory
 #include <ac_nonexistent.h>
                            ^
compilation terminated.
configure:7449: $? = 1
configure: failed program was:
| /* confdefs.h */
| #define PACKAGE_NAME "libmbim"
| #define PACKAGE_TARNAME "libmbim"
| #define PACKAGE_VERSION "1.6.0"
| #define PACKAGE_STRING "libmbim 1.6.0"
| #define PACKAGE_BUGREPORT "libmbim-devel@lists.freedesktop.org"
| #define PACKAGE_URL ""
| /* end confdefs.h.  */
| #include <ac_nonexistent.h>
configure:7478: checking for ANSI C header files
configure:7498: gcc -c -g -O2  conftest.c >&5
configure:7498: $? = 0
configure:7571: gcc -o conftest -g -O2   conftest.c  >&5
configure:7571: $? = 0
configure:7571: ./conftest
configure:7571: $? = 0
configure:7582: result: yes
configure:7595: checking for sys/types.h
configure:7595: gcc -c -g -O2  conftest.c >&5
configure:7595: $? = 0
configure:7595: result: yes
configure:7595: checking for sys/stat.h
configure:7595: gcc -c -g -O2  conftest.c >&5
configure:7595: $? = 0
configure:7595: result: yes
configure:7595: checking for stdlib.h
configure:7595: gcc -c -g -O2  conftest.c >&5
configure:7595: $? = 0
configure:7595: result: yes
configure:7595: checking for string.h
configure:7595: gcc -c -g -O2  conftest.c >&5
configure:7595: $? = 0
configure:7595: result: yes
configure:7595: checking for memory.h
configure:7595: gcc -c -g -O2  conftest.c >&5
configure:7595: $? = 0
configure:7595: result: yes
configure:7595: checking for strings.h
configure:7595: gcc -c -g -O2  conftest.c >&5
configure:7595: $? = 0
configure:7595: result: yes
configure:7595: checking for inttypes.h
configure:7595: gcc -c -g -O2  conftest.c >&5
configure:7595: $? = 0
configure:7595: result: yes
configure:7595: checking for stdint.h
configure:7595: gcc -c -g -O2  conftest.c >&5
configure:7595: $? = 0
configure:7595: result: yes
configure:7595: checking for unistd.h
configure:7595: gcc -c -g -O2  conftest.c >&5
configure:7595: $? = 0
configure:7595: result: yes
configure:7609: checking for dlfcn.h
configure:7609: gcc -c -g -O2  conftest.c >&5
configure:7609: $? = 0
configure:7609: result: yes
configure:7815: checking for objdir
configure:7830: result: .libs
configure:8101: checking if gcc supports -fno-rtti -fno-exceptions
configure:8119: gcc -c -g -O2  -fno-rtti -fno-exceptions conftest.c >&5
cc1: warning: command line option '-fno-rtti' is valid for C++/ObjC++ but not for C [enabled by default]
configure:8123: $? = 0
configure:8136: result: no
configure:8463: checking for gcc option to produce PIC
configure:8470: result: -fPIC -DPIC
configure:8478: checking if gcc PIC flag -fPIC -DPIC works
configure:8496: gcc -c -g -O2  -fPIC -DPIC -DPIC conftest.c >&5
configure:8500: $? = 0
configure:8513: result: yes
configure:8542: checking if gcc static flag -static works
configure:8570: result: yes
configure:8585: checking if gcc supports -c -o file.o
configure:8606: gcc -c -g -O2  -o out/conftest2.o conftest.c >&5
configure:8610: $? = 0
configure:8632: result: yes
configure:8640: checking if gcc supports -c -o file.o
configure:8687: result: yes
configure:8720: checking whether the gcc linker (/usr/bin/ld -m elf_x86_64) supports shared libraries
configure:9877: result: yes
configure:9914: checking whether -lc should be explicitly linked in
configure:9922: gcc -c -g -O2  conftest.c >&5
configure:9925: $? = 0
configure:9940: gcc -shared  -fPIC -DPIC conftest.o  -v -Wl,-soname -Wl,conftest -o conftest 2\>\&1 \| /bin/grep  -lc  \>/dev/null 2\>\&1
configure:9943: $? = 0
configure:9957: result: no
configure:10117: checking dynamic linker characteristics
configure:10617: gcc -o conftest -g -O2   -Wl,-rpath -Wl,/foo conftest.c  >&5
configure:10617: $? = 0
configure:10851: result: GNU/Linux ld.so
configure:10958: checking how to hardcode library paths into programs
configure:10983: result: immediate
configure:11523: checking whether stripping libraries is possible
configure:11528: result: yes
configure:11563: checking if libtool supports shared libraries
configure:11565: result: yes
configure:11568: checking whether to build shared libraries
configure:11589: result: yes
configure:11592: checking whether to build static libraries
configure:11596: result: yes
configure:11641: checking for more warnings
configure:11644: result: yes
configure:11659: checking whether gcc understands -Wmissing-declarations
configure:11672: gcc -c -Wall -std=gnu89 -g -O2 -Wmissing-declarations  conftest.c >&5
configure:11672: $? = 0
configure:11681: result: yes
configure:11659: checking whether gcc understands -Wmissing-prototypes
configure:11672: gcc -c -Wall -std=gnu89 -g -O2 -Wmissing-declarations -Wmissing-prototypes  conftest.c >&5
configure:11672: $? = 0
configure:11681: result: yes
configure:11659: checking whether gcc understands -Wdeclaration-after-statement
configure:11672: gcc -c -Wall -std=gnu89 -g -O2 -Wmissing-declarations -Wmissing-prototypes -Wdeclaration-after-statement  conftest.c >&5
configure:11672: $? = 0
configure:11681: result: yes
configure:11659: checking whether gcc understands -Wstrict-prototypes
configure:11672: gcc -c -Wall -std=gnu89 -g -O2 -Wmissing-declarations -Wmissing-prototypes -Wdeclaration-after-statement -Wstrict-prototypes  conftest.c >&5
conftest.c:23:1: warning: function declaration isn't a prototype [-Wstrict-prototypes]
 main ()
 ^
configure:11672: $? = 0
configure:11681: result: yes
configure:11659: checking whether gcc understands -fno-strict-aliasing
configure:11672: gcc -c -Wall -std=gnu89 -g -O2 -Wmissing-declarations -Wmissing-prototypes -Wdeclaration-after-statement -Wstrict-prototypes -fno-strict-aliasing  conftest.c >&5
conftest.c:23:1: warning: function declaration isn't a prototype [-Wstrict-prototypes]
 main ()
 ^
configure:11672: $? = 0
configure:11681: result: yes
configure:11659: checking whether gcc understands -Wno-deprecated-declarations
configure:11672: gcc -c -Wall -std=gnu89 -g -O2 -Wmissing-declarations -Wmissing-prototypes -Wdeclaration-after-statement -Wstrict-prototypes -fno-strict-aliasing -Wno-deprecated-declarations  conftest.c >&5
conftest.c:23:1: warning: function declaration isn't a prototype [-Wstrict-prototypes]
 main ()
 ^
configure:11672: $? = 0
configure:11681: result: yes
configure:11659: checking whether gcc understands -Wint-to-pointer-cast
configure:11672: gcc -c -Wall -std=gnu89 -g -O2 -Wmissing-declarations -Wmissing-prototypes -Wdeclaration-after-statement -Wstrict-prototypes -fno-strict-aliasing -Wno-deprecated-declarations -Wint-to-pointer-cast  conftest.c >&5
conftest.c:23:1: warning: function declaration isn't a prototype [-Wstrict-prototypes]
 main ()
 ^
configure:11672: $? = 0
configure:11681: result: yes
configure:11659: checking whether gcc understands -Wfloat-equal
configure:11672: gcc -c -Wall -std=gnu89 -g -O2 -Wmissing-declarations -Wmissing-prototypes -Wdeclaration-after-statement -Wstrict-prototypes -fno-strict-aliasing -Wno-deprecated-declarations -Wint-to-pointer-cast -Wfloat-equal  conftest.c >&5
conftest.c:23:1: warning: function declaration isn't a prototype [-Wstrict-prototypes]
 main ()
 ^
configure:11672: $? = 0
configure:11681: result: yes
configure:11659: checking whether gcc understands -Wno-unused-parameter
configure:11672: gcc -c -Wall -std=gnu89 -g -O2 -Wmissing-declarations -Wmissing-prototypes -Wdeclaration-after-statement -Wstrict-prototypes -fno-strict-aliasing -Wno-deprecated-declarations -Wint-to-pointer-cast -Wfloat-equal -Wno-unused-parameter  conftest.c >&5
conftest.c:23:1: warning: function declaration isn't a prototype [-Wstrict-prototypes]
 main ()
 ^
configure:11672: $? = 0
configure:11681: result: yes
configure:11659: checking whether gcc understands -Wno-sign-compare
configure:11672: gcc -c -Wall -std=gnu89 -g -O2 -Wmissing-declarations -Wmissing-prototypes -Wdeclaration-after-statement -Wstrict-prototypes -fno-strict-aliasing -Wno-deprecated-declarations -Wint-to-pointer-cast -Wfloat-equal -Wno-unused-parameter -Wno-sign-compare  conftest.c >&5
conftest.c:23:1: warning: function declaration isn't a prototype [-Wstrict-prototypes]
 main ()
 ^
configure:11672: $? = 0
configure:11681: result: yes
configure:11659: checking whether gcc understands -Wunused-but-set-variable
configure:11672: gcc -c -Wall -std=gnu89 -g -O2 -Wmissing-declarations -Wmissing-prototypes -Wdeclaration-after-statement -Wstrict-prototypes -fno-strict-aliasing -Wno-deprecated-declarations -Wint-to-pointer-cast -Wfloat-equal -Wno-unused-parameter -Wno-sign-compare -Wunused-but-set-variable  conftest.c >&5
conftest.c:23:1: warning: function declaration isn't a prototype [-Wstrict-prototypes]
 main ()
 ^
configure:11672: $? = 0
configure:11681: result: yes
configure:11659: checking whether gcc understands -Wundef
configure:11672: gcc -c -Wall -std=gnu89 -g -O2 -Wmissing-declarations -Wmissing-prototypes -Wdeclaration-after-statement -Wstrict-prototypes -fno-strict-aliasing -Wno-deprecated-declarations -Wint-to-pointer-cast -Wfloat-equal -Wno-unused-parameter -Wno-sign-compare -Wunused-but-set-variable -Wundef  conftest.c >&5
conftest.c:23:1: warning: function declaration isn't a prototype [-Wstrict-prototypes]
 main ()
 ^
configure:11672: $? = 0
configure:11681: result: yes
configure:11659: checking whether gcc understands -Wimplicit-function-declaration
configure:11672: gcc -c -Wall -std=gnu89 -g -O2 -Wmissing-declarations -Wmissing-prototypes -Wdeclaration-after-statement -Wstrict-prototypes -fno-strict-aliasing -Wno-deprecated-declarations -Wint-to-pointer-cast -Wfloat-equal -Wno-unused-parameter -Wno-sign-compare -Wunused-but-set-variable -Wundef -Wimplicit-function-declaration  conftest.c >&5
conftest.c:23:1: warning: function declaration isn't a prototype [-Wstrict-prototypes]
 main ()
 ^
configure:11672: $? = 0
configure:11681: result: yes
configure:11659: checking whether gcc understands -Wpointer-arith
configure:11672: gcc -c -Wall -std=gnu89 -g -O2 -Wmissing-declarations -Wmissing-prototypes -Wdeclaration-after-statement -Wstrict-prototypes -fno-strict-aliasing -Wno-deprecated-declarations -Wint-to-pointer-cast -Wfloat-equal -Wno-unused-parameter -Wno-sign-compare -Wunused-but-set-variable -Wundef -Wimplicit-function-declaration -Wpointer-arith  conftest.c >&5
conftest.c:23:1: warning: function declaration isn't a prototype [-Wstrict-prototypes]
 main ()
 ^
configure:11672: $? = 0
configure:11681: result: yes
configure:11659: checking whether gcc understands -Winit-self
configure:11672: gcc -c -Wall -std=gnu89 -g -O2 -Wmissing-declarations -Wmissing-prototypes -Wdeclaration-after-statement -Wstrict-prototypes -fno-strict-aliasing -Wno-deprecated-declarations -Wint-to-pointer-cast -Wfloat-equal -Wno-unused-parameter -Wno-sign-compare -Wunused-but-set-variable -Wundef -Wimplicit-function-declaration -Wpointer-arith -Winit-self  conftest.c >&5
conftest.c:23:1: warning: function declaration isn't a prototype [-Wstrict-prototypes]
 main ()
 ^
configure:11672: $? = 0
configure:11681: result: yes
configure:11659: checking whether gcc understands -Wshadow
configure:11672: gcc -c -Wall -std=gnu89 -g -O2 -Wmissing-declarations -Wmissing-prototypes -Wdeclaration-after-statement -Wstrict-prototypes -fno-strict-aliasing -Wno-deprecated-declarations -Wint-to-pointer-cast -Wfloat-equal -Wno-unused-parameter -Wno-sign-compare -Wunused-but-set-variable -Wundef -Wimplicit-function-declaration -Wpointer-arith -Winit-self -Wshadow  conftest.c >&5
conftest.c:23:1: warning: function declaration isn't a prototype [-Wstrict-prototypes]
 main ()
 ^
configure:11672: $? = 0
configure:11681: result: yes
configure:11659: checking whether gcc understands -Wmissing-include-dirs
configure:11672: gcc -c -Wall -std=gnu89 -g -O2 -Wmissing-declarations -Wmissing-prototypes -Wdeclaration-after-statement -Wstrict-prototypes -fno-strict-aliasing -Wno-deprecated-declarations -Wint-to-pointer-cast -Wfloat-equal -Wno-unused-parameter -Wno-sign-compare -Wunused-but-set-variable -Wundef -Wimplicit-function-declaration -Wpointer-arith -Winit-self -Wshadow -Wmissing-include-dirs  conftest.c >&5
conftest.c:23:1: warning: function declaration isn't a prototype [-Wstrict-prototypes]
 main ()
 ^
configure:11672: $? = 0
configure:11681: result: yes
configure:11659: checking whether gcc understands -Waggregate-return
configure:11672: gcc -c -Wall -std=gnu89 -g -O2 -Wmissing-declarations -Wmissing-prototypes -Wdeclaration-after-statement -Wstrict-prototypes -fno-strict-aliasing -Wno-deprecated-declarations -Wint-to-pointer-cast -Wfloat-equal -Wno-unused-parameter -Wno-sign-compare -Wunused-but-set-variable -Wundef -Wimplicit-function-declaration -Wpointer-arith -Winit-self -Wshadow -Wmissing-include-dirs -Waggregate-return  conftest.c >&5
conftest.c:23:1: warning: function declaration isn't a prototype [-Wstrict-prototypes]
 main ()
 ^
configure:11672: $? = 0
configure:11681: result: yes
configure:11659: checking whether gcc understands -Wformat-security
configure:11672: gcc -c -Wall -std=gnu89 -g -O2 -Wmissing-declarations -Wmissing-prototypes -Wdeclaration-after-statement -Wstrict-prototypes -fno-strict-aliasing -Wno-deprecated-declarations -Wint-to-pointer-cast -Wfloat-equal -Wno-unused-parameter -Wno-sign-compare -Wunused-but-set-variable -Wundef -Wimplicit-function-declaration -Wpointer-arith -Winit-self -Wshadow -Wmissing-include-dirs -Waggregate-return -Wformat-security  conftest.c >&5
conftest.c:23:1: warning: function declaration isn't a prototype [-Wstrict-prototypes]
 main ()
 ^
configure:11672: $? = 0
configure:11681: result: yes
configure:11766: checking for pkg-config
configure:11784: found /usr/bin/pkg-config
configure:11796: result: /usr/bin/pkg-config
configure:11821: checking pkg-config is at least version 0.9.0
configure:11824: result: yes
configure:11834: checking for LIBMBIM_GLIB
configure:11844: $PKG_CONFIG --exists --print-errors "glib-2.0 >= 2.32
                  gobject-2.0
                  gio-2.0
                  gudev-1.0 >= 147"
configure:11850: $? = 0
configure:11870: $PKG_CONFIG --exists --print-errors "glib-2.0 >= 2.32
                  gobject-2.0
                  gio-2.0
                  gudev-1.0 >= 147"
configure:11876: $? = 0
configure:11946: result: yes
configure:11955: checking for MBIMCLI
configure:11964: $PKG_CONFIG --exists --print-errors "glib-2.0 >= 2.32
                  gobject-2.0
                  gio-2.0"
configure:11969: $? = 0
configure:11987: $PKG_CONFIG --exists --print-errors "glib-2.0 >= 2.32
                  gobject-2.0
                  gio-2.0"
configure:11992: $? = 0
configure:12058: result: yes
configure:12073: checking for gtkdoc-check
configure:12091: found /usr/bin/gtkdoc-check
configure:12103: result: /usr/bin/gtkdoc-check
configure:12115: checking for gtkdoc-rebase
configure:12133: found /usr/bin/gtkdoc-rebase
configure:12145: result: /usr/bin/gtkdoc-rebase
configure:12159: checking for gtkdoc-mkpdf
configure:12177: found /usr/bin/gtkdoc-mkpdf
configure:12189: result: /usr/bin/gtkdoc-mkpdf
configure:12303: checking whether to build gtk-doc documentation
configure:12305: result: no
configure:12376: checking for help2man
configure:12407: result: false
configure:12535: checking that generated files are newer than configure
configure:12541: result: done
configure:12592: creating ./config.status

## ---------------------- ##
## Running config.status. ##
## ---------------------- ##

This file was extended by libmbim config.status 1.6.0, which was
generated by GNU Autoconf 2.69.  Invocation command line was

  CONFIG_FILES    = 
  CONFIG_HEADERS  = 
  CONFIG_LINKS    = 
  CONFIG_COMMANDS = 
  $ ./config.status 

on sukru-VPCSA3Z9E

config.status:1135: creating Makefile
config.status:1135: creating build-aux/Makefile
config.status:1135: creating build-aux/templates/Makefile
config.status:1135: creating build-aux/mbim-codegen/Makefile
config.status:1135: creating data/Makefile
config.status:1135: creating data/pkg-config/Makefile
config.status:1135: creating data/pkg-config/mbim-glib.pc
config.status:1135: creating src/Makefile
config.status:1135: creating src/libmbim-glib/Makefile
config.status:1135: creating src/libmbim-glib/mbim-version.h
config.status:1135: creating src/libmbim-glib/generated/Makefile
config.status:1135: creating src/libmbim-glib/test/Makefile
config.status:1135: creating src/mbimcli/Makefile
config.status:1135: creating utils/Makefile
config.status:1135: creating docs/Makefile
config.status:1135: creating docs/reference/Makefile
config.status:1135: creating docs/reference/libmbim-glib/Makefile
config.status:1135: creating docs/reference/libmbim-glib/version.xml
config.status:1135: creating docs/man/Makefile
config.status:1135: creating config.h
config.status:1364: executing depfiles commands
config.status:1364: executing libtool commands

## ---------------- ##
## Cache variables. ##
## ---------------- ##

ac_cv_build=x86_64-unknown-linux-gnu
ac_cv_c_compiler_gnu=yes
ac_cv_env_CC_set=
ac_cv_env_CC_value=
ac_cv_env_CFLAGS_set=
ac_cv_env_CFLAGS_value=
ac_cv_env_CPPFLAGS_set=
ac_cv_env_CPPFLAGS_value=
ac_cv_env_CPP_set=
ac_cv_env_CPP_value=
ac_cv_env_GTKDOC_DEPS_CFLAGS_set=
ac_cv_env_GTKDOC_DEPS_CFLAGS_value=
ac_cv_env_GTKDOC_DEPS_LIBS_set=
ac_cv_env_GTKDOC_DEPS_LIBS_value=
ac_cv_env_LDFLAGS_set=
ac_cv_env_LDFLAGS_value=
ac_cv_env_LIBMBIM_GLIB_CFLAGS_set=
ac_cv_env_LIBMBIM_GLIB_CFLAGS_value=
ac_cv_env_LIBMBIM_GLIB_LIBS_set=
ac_cv_env_LIBMBIM_GLIB_LIBS_value=
ac_cv_env_LIBS_set=
ac_cv_env_LIBS_value=
ac_cv_env_MBIMCLI_CFLAGS_set=
ac_cv_env_MBIMCLI_CFLAGS_value=
ac_cv_env_MBIMCLI_LIBS_set=
ac_cv_env_MBIMCLI_LIBS_value=
ac_cv_env_PKG_CONFIG_LIBDIR_set=
ac_cv_env_PKG_CONFIG_LIBDIR_value=
ac_cv_env_PKG_CONFIG_PATH_set=
ac_cv_env_PKG_CONFIG_PATH_value=
ac_cv_env_PKG_CONFIG_set=
ac_cv_env_PKG_CONFIG_value=
ac_cv_env_build_alias_set=
ac_cv_env_build_alias_value=
ac_cv_env_host_alias_set=
ac_cv_env_host_alias_value=
ac_cv_env_target_alias_set=
ac_cv_env_target_alias_value=
ac_cv_header_dlfcn_h=yes
ac_cv_header_inttypes_h=yes
ac_cv_header_memory_h=yes
ac_cv_header_stdc=yes
ac_cv_header_stdint_h=yes
ac_cv_header_stdlib_h=yes
ac_cv_header_string_h=yes
ac_cv_header_strings_h=yes
ac_cv_header_sys_stat_h=yes
ac_cv_header_sys_types_h=yes
ac_cv_header_unistd_h=yes
ac_cv_host=x86_64-unknown-linux-gnu
ac_cv_objext=o
ac_cv_path_EGREP='/bin/grep -E'
ac_cv_path_FGREP='/bin/grep -F'
ac_cv_path_GREP=/bin/grep
ac_cv_path_GTKDOC_CHECK=/usr/bin/gtkdoc-check
ac_cv_path_GTKDOC_MKPDF=/usr/bin/gtkdoc-mkpdf
ac_cv_path_GTKDOC_REBASE=/usr/bin/gtkdoc-rebase
ac_cv_path_HELP2MAN=false
ac_cv_path_SED=/bin/sed
ac_cv_path_ac_pt_PKG_CONFIG=/usr/bin/pkg-config
ac_cv_path_install='/usr/bin/install -c'
ac_cv_path_mkdir=/bin/mkdir
ac_cv_prog_AWK=gawk
ac_cv_prog_CPP='gcc -E'
ac_cv_prog_ac_ct_AR=ar
ac_cv_prog_ac_ct_CC=gcc
ac_cv_prog_ac_ct_MANIFEST_TOOL=mt
ac_cv_prog_ac_ct_OBJDUMP=objdump
ac_cv_prog_ac_ct_RANLIB=ranlib
ac_cv_prog_ac_ct_STRIP=strip
ac_cv_prog_cc_c89=
ac_cv_prog_cc_g=yes
ac_cv_prog_cc_gcc_c_o=yes
ac_cv_prog_make_make_set=yes
am_cv_CC_dependencies_compiler_type=gcc3
am_cv_make_support_nested_variables=yes
am_cv_prog_tar_ustar=gnutar
lt_cv_ar_at_file=@
lt_cv_archive_cmds_need_lc=no
lt_cv_deplibs_check_method=pass_all
lt_cv_file_magic_cmd='$MAGIC_CMD'
lt_cv_file_magic_test_file=
lt_cv_ld_reload_flag=-r
lt_cv_nm_interface='BSD nm'
lt_cv_objdir=.libs
lt_cv_path_LD=/usr/bin/ld
lt_cv_path_NM='/usr/bin/nm -B'
lt_cv_path_mainfest_tool=no
lt_cv_prog_compiler_c_o=yes
lt_cv_prog_compiler_pic='-fPIC -DPIC'
lt_cv_prog_compiler_pic_works=yes
lt_cv_prog_compiler_rtti_exceptions=no
lt_cv_prog_compiler_static_works=yes
lt_cv_prog_gnu_ld=yes
lt_cv_sharedlib_from_linklib_cmd='printf %s\n'
lt_cv_shlibpath_overrides_runpath=no
lt_cv_sys_global_symbol_pipe='sed -n -e '\''s/^.*[	 ]\([ABCDGIRSTW][ABCDGIRSTW]*\)[	 ][	 ]*\([_A-Za-z][_A-Za-z0-9]*\)$/\1 \2 \2/p'\'' | sed '\''/ __gnu_lto/d'\'''
lt_cv_sys_global_symbol_to_c_name_address='sed -n -e '\''s/^: \([^ ]*\)[ ]*$/  {\"\1\", (void *) 0},/p'\'' -e '\''s/^[ABCDGIRSTW]* \([^ ]*\) \([^ ]*\)$/  {"\2", (void *) \&\2},/p'\'''
lt_cv_sys_global_symbol_to_c_name_address_lib_prefix='sed -n -e '\''s/^: \([^ ]*\)[ ]*$/  {\"\1\", (void *) 0},/p'\'' -e '\''s/^[ABCDGIRSTW]* \([^ ]*\) \(lib[^ ]*\)$/  {"\2", (void *) \&\2},/p'\'' -e '\''s/^[ABCDGIRSTW]* \([^ ]*\) \([^ ]*\)$/  {"lib\2", (void *) \&\2},/p'\'''
lt_cv_sys_global_symbol_to_cdecl='sed -n -e '\''s/^T .* \(.*\)$/extern int \1();/p'\'' -e '\''s/^[ABCDGIRSTW]* .* \(.*\)$/extern char \1;/p'\'''
lt_cv_sys_max_cmd_len=1572864
lt_cv_to_host_file_cmd=func_convert_file_noop
lt_cv_to_tool_file_cmd=func_convert_file_noop
pkg_cv_LIBMBIM_GLIB_CFLAGS='-pthread -I/usr/include/glib-2.0 -I/usr/lib/x86_64-linux-gnu/glib-2.0/include -I/usr/include/gudev-1.0  '
pkg_cv_LIBMBIM_GLIB_LIBS='-lgio-2.0 -lgudev-1.0 -lgobject-2.0 -lglib-2.0  '
pkg_cv_MBIMCLI_CFLAGS='-pthread -I/usr/include/glib-2.0 -I/usr/lib/x86_64-linux-gnu/glib-2.0/include  '
pkg_cv_MBIMCLI_LIBS='-lgio-2.0 -lgobject-2.0 -lglib-2.0  '

## ----------------- ##
## Output variables. ##
## ----------------- ##

ACLOCAL='${SHELL} /home/sukru/Desktop/iopsysAA/package/libmbim/src/missing aclocal-1.13'
AMDEPBACKSLASH='\'
AMDEP_FALSE='#'
AMDEP_TRUE=''
AMTAR='$${TAR-tar}'
AM_BACKSLASH='\'
AM_DEFAULT_V='$(AM_DEFAULT_VERBOSITY)'
AM_DEFAULT_VERBOSITY='0'
AM_V='$(V)'
AR='ar'
AUTOCONF='${SHELL} /home/sukru/Desktop/iopsysAA/package/libmbim/src/missing autoconf'
AUTOHEADER='${SHELL} /home/sukru/Desktop/iopsysAA/package/libmbim/src/missing autoheader'
AUTOMAKE='${SHELL} /home/sukru/Desktop/iopsysAA/package/libmbim/src/missing automake-1.13'
AWK='gawk'
BUILDOPT_MAN_FALSE=''
BUILDOPT_MAN_TRUE='#'
CC='gcc'
CCDEPMODE='depmode=gcc3'
CFLAGS='-Wall -std=gnu89 -g -O2 -Wmissing-declarations -Wmissing-prototypes -Wdeclaration-after-statement -Wstrict-prototypes -fno-strict-aliasing -Wno-deprecated-declarations -Wint-to-pointer-cast -Wfloat-equal -Wno-unused-parameter -Wno-sign-compare -Wunused-but-set-variable -Wundef -Wimplicit-function-declaration -Wpointer-arith -Winit-self -Wshadow -Wmissing-include-dirs -Waggregate-return -Wformat-security -Werror'
CPP='gcc -E'
CPPFLAGS=''
CYGPATH_W='echo'
DEFS='-DHAVE_CONFIG_H'
DEPDIR='.deps'
DLLTOOL='false'
DSYMUTIL=''
DUMPBIN=''
ECHO_C=''
ECHO_N='-n'
ECHO_T=''
EGREP='/bin/grep -E'
ENABLE_GTK_DOC_FALSE=''
ENABLE_GTK_DOC_TRUE='#'
EXEEXT=''
FGREP='/bin/grep -F'
GLIB_MKENUMS='glib-mkenums'
GREP='/bin/grep'
GTKDOC_CHECK='/usr/bin/gtkdoc-check'
GTKDOC_DEPS_CFLAGS=''
GTKDOC_DEPS_LIBS=''
GTKDOC_MKPDF='/usr/bin/gtkdoc-mkpdf'
GTKDOC_REBASE='/usr/bin/gtkdoc-rebase'
GTK_DOC_BUILD_HTML_FALSE='#'
GTK_DOC_BUILD_HTML_TRUE=''
GTK_DOC_BUILD_PDF_FALSE=''
GTK_DOC_BUILD_PDF_TRUE='#'
GTK_DOC_USE_LIBTOOL_FALSE='#'
GTK_DOC_USE_LIBTOOL_TRUE=''
GTK_DOC_USE_REBASE_FALSE='#'
GTK_DOC_USE_REBASE_TRUE=''
HELP2MAN='false'
HTML_DIR='${datadir}/gtk-doc/html'
INSTALL_DATA='${INSTALL} -m 644'
INSTALL_PROGRAM='${INSTALL}'
INSTALL_SCRIPT='${INSTALL}'
INSTALL_STRIP_PROGRAM='$(install_sh) -c -s'
LD='/usr/bin/ld -m elf_x86_64'
LDFLAGS=''
LIBMBIM_GLIB_CFLAGS='-pthread -I/usr/include/glib-2.0 -I/usr/lib/x86_64-linux-gnu/glib-2.0/include -I/usr/include/gudev-1.0  '
LIBMBIM_GLIB_LIBS='-lgio-2.0 -lgudev-1.0 -lgobject-2.0 -lglib-2.0  '
LIBOBJS=''
LIBS=''
LIBTOOL='$(SHELL) $(top_builddir)/libtool'
LIPO=''
LN_S='ln -s'
LTLIBOBJS=''
MAINT=''
MAINTAINER_MODE_FALSE='#'
MAINTAINER_MODE_TRUE=''
MAKEINFO='${SHELL} /home/sukru/Desktop/iopsysAA/package/libmbim/src/missing makeinfo'
MANIFEST_TOOL=':'
MBIMCLI_CFLAGS='-pthread -I/usr/include/glib-2.0 -I/usr/lib/x86_64-linux-gnu/glib-2.0/include  '
MBIMCLI_LIBS='-lgio-2.0 -lgobject-2.0 -lglib-2.0  '
MBIM_GLIB_LT_AGE='2'
MBIM_GLIB_LT_CURRENT='2'
MBIM_GLIB_LT_REVISION='1'
MBIM_MAJOR_VERSION='1'
MBIM_MICRO_VERSION='0'
MBIM_MINOR_VERSION='6'
MBIM_VERSION='1.6.0'
MKDIR_P='/bin/mkdir -p'
NM='/usr/bin/nm -B'
NMEDIT=''
OBJDUMP='objdump'
OBJEXT='o'
OTOOL64=''
OTOOL=''
PACKAGE='libmbim'
PACKAGE_BUGREPORT='libmbim-devel@lists.freedesktop.org'
PACKAGE_NAME='libmbim'
PACKAGE_STRING='libmbim 1.6.0'
PACKAGE_TARNAME='libmbim'
PACKAGE_URL=''
PACKAGE_VERSION='1.6.0'
PATH_SEPARATOR=':'
PKG_CONFIG='/usr/bin/pkg-config'
PKG_CONFIG_LIBDIR=''
PKG_CONFIG_PATH=''
RANLIB='ranlib'
SED='/bin/sed'
SET_MAKE=''
SHELL='/bin/sh'
STRIP='strip'
VERSION='1.6.0'
ac_ct_AR='ar'
ac_ct_CC='gcc'
ac_ct_DUMPBIN=''
am__EXEEXT_FALSE=''
am__EXEEXT_TRUE='#'
am__fastdepCC_FALSE='#'
am__fastdepCC_TRUE=''
am__include='include'
am__isrc=''
am__leading_dot='.'
am__nodep='_no'
am__quote=''
am__tar='tar --format=ustar -chf - "$$tardir"'
am__untar='tar -xf -'
bindir='${exec_prefix}/bin'
build='x86_64-unknown-linux-gnu'
build_alias=''
build_cpu='x86_64'
build_os='linux-gnu'
build_vendor='unknown'
datadir='${datarootdir}'
datarootdir='${prefix}/share'
docdir='${datarootdir}/doc/${PACKAGE_TARNAME}'
dvidir='${docdir}'
exec_prefix='${prefix}'
host='x86_64-unknown-linux-gnu'
host_alias=''
host_cpu='x86_64'
host_os='linux-gnu'
host_vendor='unknown'
htmldir='${docdir}'
includedir='${prefix}/include'
infodir='${datarootdir}/info'
install_sh='${SHELL} /home/sukru/Desktop/iopsysAA/package/libmbim/src/install-sh'
libdir='${exec_prefix}/lib'
libexecdir='${exec_prefix}/libexec'
localedir='${datarootdir}/locale'
localstatedir='${prefix}/var'
mandir='${datarootdir}/man'
mkdir_p='$(MKDIR_P)'
oldincludedir='/usr/include'
pdfdir='${docdir}'
prefix='/usr/local'
program_transform_name='s,x,x,'
psdir='${docdir}'
sbindir='${exec_prefix}/sbin'
sharedstatedir='${prefix}/com'
sysconfdir='${prefix}/etc'
target_alias=''

## ----------- ##
## confdefs.h. ##
## ----------- ##

/* confdefs.h */
#define PACKAGE_NAME "libmbim"
#define PACKAGE_TARNAME "libmbim"
#define PACKAGE_VERSION "1.6.0"
#define PACKAGE_STRING "libmbim 1.6.0"
#define PACKAGE_BUGREPORT "libmbim-devel@lists.freedesktop.org"
#define PACKAGE_URL ""
#define STDC_HEADERS 1
#define HAVE_SYS_TYPES_H 1
#define HAVE_SYS_STAT_H 1
#define HAVE_STDLIB_H 1
#define HAVE_STRING_H 1
#define HAVE_MEMORY_H 1
#define HAVE_STRINGS_H 1
#define HAVE_INTTYPES_H 1
#define HAVE_STDINT_H 1
#define HAVE_UNISTD_H 1
#define HAVE_DLFCN_H 1
#define LT_OBJDIR ".libs/"

configure: exit 0
